0 info it worked if it ends with ok
1 verbose cli [ '/Users/remco/.nvm/versions/node/v7.7.1/bin/node',
1 verbose cli   '/Users/remco/.nvm/versions/node/v7.7.1/bin/npm',
1 verbose cli   'run',
1 verbose cli   'start:dev' ]
2 info using npm@4.1.2
3 info using node@v7.7.1
4 verbose run-script [ 'prestart:dev', 'start:dev', 'poststart:dev' ]
5 info lifecycle soupsurfer@1.0.0~prestart:dev: soupsurfer@1.0.0
6 silly lifecycle soupsurfer@1.0.0~prestart:dev: no script for prestart:dev, continuing
7 info lifecycle soupsurfer@1.0.0~start:dev: soupsurfer@1.0.0
8 verbose lifecycle soupsurfer@1.0.0~start:dev: unsafe-perm in lifecycle true
9 verbose lifecycle soupsurfer@1.0.0~start:dev: PATH: /Users/remco/.nvm/versions/node/v7.7.1/lib/node_modules/npm/bin/node-gyp-bin:/Users/remco/Documents/projects/plastic-soup3/node_modules/.bin:/Users/remco/.yarn/bin:/Users/remco/.nvm/versions/node/v7.7.1/bin:/usr/bin:/bin:/usr/sbin:/sbin:/usr/local/bin:/usr/local/go/bin
10 verbose lifecycle soupsurfer@1.0.0~start:dev: CWD: /Users/remco/Documents/projects/plastic-soup3
11 silly lifecycle soupsurfer@1.0.0~start:dev: Args: [ '-c', 'npm-run-all --parallel server:dev watch' ]
12 silly lifecycle soupsurfer@1.0.0~start:dev: Returned: code: 1  signal: null
13 info lifecycle soupsurfer@1.0.0~start:dev: Failed to exec start:dev script
14 verbose stack Error: soupsurfer@1.0.0 start:dev: `npm-run-all --parallel server:dev watch`
14 verbose stack Exit status 1
14 verbose stack     at EventEmitter.<anonymous> (/Users/remco/.nvm/versions/node/v7.7.1/lib/node_modules/npm/lib/utils/lifecycle.js:279:16)
14 verbose stack     at emitTwo (events.js:106:13)
14 verbose stack     at EventEmitter.emit (events.js:194:7)
14 verbose stack     at ChildProcess.<anonymous> (/Users/remco/.nvm/versions/node/v7.7.1/lib/node_modules/npm/lib/utils/spawn.js:40:14)
14 verbose stack     at emitTwo (events.js:106:13)
14 verbose stack     at ChildProcess.emit (events.js:194:7)
14 verbose stack     at maybeClose (internal/child_process.js:899:16)
14 verbose stack     at Process.ChildProcess._handle.onexit (internal/child_process.js:226:5)
15 verbose pkgid soupsurfer@1.0.0
16 verbose cwd /Users/remco/Documents/projects/plastic-soup3
17 error Darwin 16.4.0
18 error argv "/Users/remco/.nvm/versions/node/v7.7.1/bin/node" "/Users/remco/.nvm/versions/node/v7.7.1/bin/npm" "run" "start:dev"
19 error node v7.7.1
20 error npm  v4.1.2
21 error code ELIFECYCLE
22 error soupsurfer@1.0.0 start:dev: `npm-run-all --parallel server:dev watch`
22 error Exit status 1
23 error Failed at the soupsurfer@1.0.0 start:dev script 'npm-run-all --parallel server:dev watch'.
23 error Make sure you have the latest version of node.js and npm installed.
23 error If you do, this is most likely a problem with the soupsurfer package,
23 error not with npm itself.
23 error Tell the author that this fails on your system:
23 error     npm-run-all --parallel server:dev watch
23 error You can get information on how to open an issue for this project with:
23 error     npm bugs soupsurfer
23 error Or if that isn't available, you can get their info via:
23 error     npm owner ls soupsurfer
23 error There is likely additional logging output above.
24 verbose exit [ 1, true ]
